<?xml version="1.0" encoding="UTF-8"?>
<testng-results ignored="0" total="4" passed="2" failed="2" skipped="0">
  <reporter-output>
  </reporter-output>
<<<<<<< HEAD
  <suite started-at="2023-08-23T07:40:10 EEST" name="Default suite" finished-at="2023-08-23T07:40:52 EEST" duration-ms="42200">
    <groups>
    </groups>
    <test started-at="2023-08-23T07:40:10 EEST" name="Default test" finished-at="2023-08-23T07:40:52 EEST" duration-ms="42200">
      <class name="homeworkTests.ShippingTest">
        <test-method is-config="true" signature="setup()[pri:0, instance:homeworkTests.ShippingTest@74e28667]" started-at="2023-08-23T07:40:10 EEST" name="setup" finished-at="2023-08-23T07:40:26 EEST" duration-ms="15519" status="PASS">
          <reporter-output>
          </reporter-output>
        </test-method> <!-- setup -->
        <test-method signature="validLoginTest()[pri:1, instance:homeworkTests.ShippingTest@74e28667]" started-at="2023-08-23T07:40:26 EEST" name="validLoginTest" description="KeyBooks Login " finished-at="2023-08-23T07:40:27 EEST" duration-ms="1436" status="PASS">
          <reporter-output>
          </reporter-output>
        </test-method> <!-- validLoginTest -->
        <test-method signature="shippingAddress()[pri:2, instance:homeworkTests.ShippingTest@74e28667]" started-at="2023-08-23T07:40:27 EEST" name="shippingAddress" description="Add values for the static fields" finished-at="2023-08-23T07:40:36 EEST" duration-ms="8523" status="PASS">
          <reporter-output>
          </reporter-output>
        </test-method> <!-- shippingAddress -->
        <test-method signature="selectByIndexTest()[pri:3, instance:homeworkTests.ShippingTest@74e28667]" started-at="2023-08-23T07:40:36 EEST" name="selectByIndexTest" description="Select Canada value" finished-at="2023-08-23T07:40:37 EEST" duration-ms="1145" status="FAIL">
          <exception class="java.lang.AssertionError">
            <message>
              <![CDATA[expected [Canada] but found [Select an option…]]]>
            </message>
            <full-stacktrace>
              <![CDATA[java.lang.AssertionError: expected [Canada] but found [Select an option…]
at org.testng.Assert.fail(Assert.java:111)
at org.testng.Assert.failNotEquals(Assert.java:1578)
at org.testng.Assert.assertEqualsImpl(Assert.java:150)
at org.testng.Assert.assertEquals(Assert.java:132)
at org.testng.Assert.assertEquals(Assert.java:656)
at org.testng.Assert.assertEquals(Assert.java:666)
at homeworkTests.ShippingTest.selectByIndexTest(ShippingTest.java:49)
at java.base/jdk.internal.reflect.NativeMethodAccessorImpl.invoke0(Native Method)
at java.base/jdk.internal.reflect.NativeMethodAccessorImpl.invoke(NativeMethodAccessorImpl.java:78)
at java.base/jdk.internal.reflect.DelegatingMethodAccessorImpl.invoke(DelegatingMethodAccessorImpl.java:43)
at java.base/java.lang.reflect.Method.invoke(Method.java:567)
at org.testng.internal.invokers.MethodInvocationHelper.invokeMethod(MethodInvocationHelper.java:139)
at org.testng.internal.invokers.TestInvoker.invokeMethod(TestInvoker.java:664)
at org.testng.internal.invokers.TestInvoker.invokeTestMethod(TestInvoker.java:227)
at org.testng.internal.invokers.MethodRunner.runInSequence(MethodRunner.java:50)
at org.testng.internal.invokers.TestInvoker$MethodInvocationAgent.invoke(TestInvoker.java:957)
at org.testng.internal.invokers.TestInvoker.invokeTestMethods(TestInvoker.java:200)
at org.testng.internal.invokers.TestMethodWorker.invokeTestMethods(TestMethodWorker.java:148)
at org.testng.internal.invokers.TestMethodWorker.run(TestMethodWorker.java:128)
at java.base/java.util.ArrayList.forEach(ArrayList.java:1511)
at org.testng.TestRunner.privateRun(TestRunner.java:848)
at org.testng.TestRunner.run(TestRunner.java:621)
at org.testng.SuiteRunner.runTest(SuiteRunner.java:443)
at org.testng.SuiteRunner.runSequentially(SuiteRunner.java:437)
at org.testng.SuiteRunner.privateRun(SuiteRunner.java:397)
at org.testng.SuiteRunner.run(SuiteRunner.java:336)
at org.testng.SuiteRunnerWorker.runSuite(SuiteRunnerWorker.java:52)
at org.testng.SuiteRunnerWorker.run(SuiteRunnerWorker.java:95)
at org.testng.TestNG.runSuitesSequentially(TestNG.java:1280)
at org.testng.TestNG.runSuitesLocally(TestNG.java:1200)
at org.testng.TestNG.runSuites(TestNG.java:1114)
at org.testng.TestNG.run(TestNG.java:1082)
at org.testng.remote.AbstractRemoteTestNG.run(AbstractRemoteTestNG.java:115)
at org.testng.remote.RemoteTestNG.initAndRun(RemoteTestNG.java:251)
at org.testng.remote.RemoteTestNG.main(RemoteTestNG.java:77)
]]>
            </full-stacktrace>
          </exception> <!-- java.lang.AssertionError -->
          <reporter-output>
          </reporter-output>
        </test-method> <!-- selectByIndexTest -->
        <test-method signature="selectByValueTest()[pri:4, instance:homeworkTests.ShippingTest@74e28667]" started-at="2023-08-23T07:40:37 EEST" name="selectByValueTest" description="Select Newfoundland and Labrador value" finished-at="2023-08-23T07:40:47 EEST" duration-ms="10094" status="FAIL">
          <exception class="org.openqa.selenium.NoSuchElementException">
            <message>
              <![CDATA[Cannot locate option with value: Newfoundland and Labrador
For documentation on this error, please visit: https://www.selenium.dev/documentation/webdriver/troubleshooting/errors#no-such-element-exception
Build info: version: '4.11.0', revision: '040bc5406b'
System info: os.name: 'Windows 10', os.arch: 'amd64', os.version: '10.0', java.version: '16.0.1'
Driver info: driver.version: unknown]]>
            </message>
            <full-stacktrace>
              <![CDATA[org.openqa.selenium.NoSuchElementException: Cannot locate option with value: Newfoundland and Labrador
For documentation on this error, please visit: https://www.selenium.dev/documentation/webdriver/troubleshooting/errors#no-such-element-exception
Build info: version: '4.11.0', revision: '040bc5406b'
System info: os.name: 'Windows 10', os.arch: 'amd64', os.version: '10.0', java.version: '16.0.1'
Driver info: driver.version: unknown
at org.openqa.selenium.support.ui.Select.findOptionsByValue(Select.java:289)
at org.openqa.selenium.support.ui.Select.selectByValue(Select.java:194)
at homoeworkPageObject.ShippingPage.filterByValue(ShippingPage.java:54)
at homeworkTests.ShippingTest.selectByValueTest(ShippingTest.java:57)
at java.base/jdk.internal.reflect.NativeMethodAccessorImpl.invoke0(Native Method)
at java.base/jdk.internal.reflect.NativeMethodAccessorImpl.invoke(NativeMethodAccessorImpl.java:78)
at java.base/jdk.internal.reflect.DelegatingMethodAccessorImpl.invoke(DelegatingMethodAccessorImpl.java:43)
at java.base/java.lang.reflect.Method.invoke(Method.java:567)
at org.testng.internal.invokers.MethodInvocationHelper.invokeMethod(MethodInvocationHelper.java:139)
at org.testng.internal.invokers.TestInvoker.invokeMethod(TestInvoker.java:664)
at org.testng.internal.invokers.TestInvoker.invokeTestMethod(TestInvoker.java:227)
at org.testng.internal.invokers.MethodRunner.runInSequence(MethodRunner.java:50)
at org.testng.internal.invokers.TestInvoker$MethodInvocationAgent.invoke(TestInvoker.java:957)
at org.testng.internal.invokers.TestInvoker.invokeTestMethods(TestInvoker.java:200)
at org.testng.internal.invokers.TestMethodWorker.invokeTestMethods(TestMethodWorker.java:148)
at org.testng.internal.invokers.TestMethodWorker.run(TestMethodWorker.java:128)
at java.base/java.util.ArrayList.forEach(ArrayList.java:1511)
at org.testng.TestRunner.privateRun(TestRunner.java:848)
at org.testng.TestRunner.run(TestRunner.java:621)
at org.testng.SuiteRunner.runTest(SuiteRunner.java:443)
at org.testng.SuiteRunner.runSequentially(SuiteRunner.java:437)
at org.testng.SuiteRunner.privateRun(SuiteRunner.java:397)
at org.testng.SuiteRunner.run(SuiteRunner.java:336)
at org.testng.SuiteRunnerWorker.runSuite(SuiteRunnerWorker.java:52)
at org.testng.SuiteRunnerWorker.run(SuiteRunnerWorker.java:95)
at org.testng.TestNG.runSuitesSequentially(TestNG.java:1280)
at org.testng.TestNG.runSuitesLocally(TestNG.java:1200)
at org.testng.TestNG.runSuites(TestNG.java:1114)
at org.testng.TestNG.run(TestNG.java:1082)
at org.testng.remote.AbstractRemoteTestNG.run(AbstractRemoteTestNG.java:115)
at org.testng.remote.RemoteTestNG.initAndRun(RemoteTestNG.java:251)
at org.testng.remote.RemoteTestNG.main(RemoteTestNG.java:77)
]]>
            </full-stacktrace>
          </exception> <!-- org.openqa.selenium.NoSuchElementException -->
          <reporter-output>
          </reporter-output>
        </test-method> <!-- selectByValueTest -->
        <test-method is-config="true" signature="teardown()[pri:0, instance:homeworkTests.ShippingTest@74e28667]" started-at="2023-08-23T07:40:47 EEST" name="teardown" finished-at="2023-08-23T07:40:52 EEST" duration-ms="5288" status="PASS">
          <reporter-output>
          </reporter-output>
        </test-method> <!-- teardown -->
      </class> <!-- homeworkTests.ShippingTest -->
=======
  <suite started-at="2023-08-11T17:58:53 EEST" name="Default suite" finished-at="2023-08-11T17:59:23 EEST" duration-ms="29937">
    <groups>
    </groups>
    <test started-at="2023-08-11T17:58:53 EEST" name="Default test" finished-at="2023-08-11T17:59:23 EEST" duration-ms="29937">
      <class name="tests.ActionClassExample">
        <test-method is-config="true" signature="setup()[pri:0, instance:tests.ActionClassExample@4b013c76]" started-at="2023-08-11T17:58:53 EEST" name="setup" finished-at="2023-08-11T17:59:13 EEST" duration-ms="19242" status="PASS">
          <reporter-output>
          </reporter-output>
        </test-method> <!-- setup -->
        <test-method signature="sendKeysExample()[pri:0, instance:tests.ActionClassExample@4b013c76]" started-at="2023-08-11T17:59:13 EEST" name="sendKeysExample" finished-at="2023-08-11T17:59:17 EEST" duration-ms="4536" status="PASS">
          <reporter-output>
          </reporter-output>
        </test-method> <!-- sendKeysExample -->
        <test-method is-config="true" signature="teardown()[pri:0, instance:tests.ActionClassExample@4b013c76]" started-at="2023-08-11T17:59:17 EEST" name="teardown" finished-at="2023-08-11T17:59:23 EEST" duration-ms="5930" status="PASS">
          <reporter-output>
          </reporter-output>
        </test-method> <!-- teardown -->
      </class> <!-- tests.ActionClassExample -->
>>>>>>> 22919f1a53a61df9977c9b5f6f5d16c06c0dbf36
    </test> <!-- Default test -->
  </suite> <!-- Default suite -->
</testng-results>
